[0.000000] (-) TimerEvent: {}
[0.000288] (turtle_bot_12) JobQueued: {'identifier': 'turtle_bot_12', 'dependencies': OrderedDict()}
[0.000339] (turtle_bot_srv_12) JobQueued: {'identifier': 'turtle_bot_srv_12', 'dependencies': OrderedDict()}
[0.000884] (turtle_bot_12) JobStarted: {'identifier': 'turtle_bot_12'}
[0.021367] (turtle_bot_srv_12) JobStarted: {'identifier': 'turtle_bot_srv_12'}
[0.099656] (-) TimerEvent: {}
[0.199977] (-) TimerEvent: {}
[0.300447] (-) TimerEvent: {}
[0.401478] (-) TimerEvent: {}
[0.502709] (-) TimerEvent: {}
[0.513232] (turtle_bot_srv_12) JobProgress: {'identifier': 'turtle_bot_srv_12', 'progress': 'cmake'}
[0.514329] (turtle_bot_srv_12) JobProgress: {'identifier': 'turtle_bot_srv_12', 'progress': 'build'}
[0.516115] (turtle_bot_srv_12) Command: {'cmd': ['/usr/bin/cmake', '--build', '/home/sebastian/Uniandes202310/Robotica/Taller1/taller1_ws/build/turtle_bot_srv_12', '--', '-j8', '-l8'], 'cwd': '/home/sebastian/Uniandes202310/Robotica/Taller1/taller1_ws/build/turtle_bot_srv_12', 'env': OrderedDict([('LESSOPEN', '| /usr/bin/lesspipe %s'), ('USER', 'sebastian'), ('LC_TIME', 'es_CO.UTF-8'), ('XDG_SESSION_TYPE', 'wayland'), ('SHLVL', '1'), ('LD_LIBRARY_PATH', '/home/sebastian/Uniandes202310/Robotica/Taller1/taller1_ws/install/turtle_bot_srv_12/lib:/opt/ros/humble/opt/rviz_ogre_vendor/lib:/opt/ros/humble/lib/x86_64-linux-gnu:/opt/ros/humble/lib'), ('HOME', '/home/sebastian'), ('DESKTOP_SESSION', 'ubuntu'), ('ROS_PYTHON_VERSION', '3'), ('GNOME_SHELL_SESSION_MODE', 'ubuntu'), ('GTK_MODULES', 'gail:atk-bridge'), ('LC_MONETARY', 'es_CO.UTF-8'), ('MANAGERPID', '1583'), ('SYSTEMD_EXEC_PID', '1958'), ('DBUS_SESSION_BUS_ADDRESS', 'unix:path=/run/user/1000/bus'), ('COLORTERM', 'truecolor'), ('TERMINATOR_DBUS_NAME', 'net.tenshu.Terminator25ef4b219e3b005583550f2b0f9f990c3'), ('GIO_LAUNCHED_DESKTOP_FILE_PID', '64325'), ('IM_CONFIG_PHASE', '1'), ('WAYLAND_DISPLAY', 'wayland-0'), ('COLCON_PREFIX_PATH', '/home/sebastian/Uniandes202310/Robotica/Taller1/taller1_ws/install'), ('ROS_DISTRO', 'humble'), ('LOGNAME', 'sebastian'), ('JOURNAL_STREAM', '8:35373'), ('_', '/usr/bin/colcon'), ('ROS_VERSION', '2'), ('XDG_SESSION_CLASS', 'user'), ('USERNAME', 'sebastian'), ('TERM', 'xterm-256color'), ('GNOME_DESKTOP_SESSION_ID', 'this-is-deprecated'), ('ROS_LOCALHOST_ONLY', '0'), ('PATH', '/opt/ros/humble/bin:/home/sebastian/.local/bin:/usr/local/sbin:/usr/local/bin:/usr/sbin:/usr/bin:/sbin:/bin:/usr/games:/usr/local/games:/snap/bin:/snap/bin'), ('SESSION_MANAGER', 'local/sebastian-guayacan:@/tmp/.ICE-unix/1716,unix/sebastian-guayacan:/tmp/.ICE-unix/1716'), ('INVOCATION_ID', '458d5e0b8c304c278225864d92663df7'), ('XDG_MENU_PREFIX', 'gnome-'), ('LC_ADDRESS', 'es_CO.UTF-8'), ('GNOME_SETUP_DISPLAY', ':1'), ('XDG_RUNTIME_DIR', '/run/user/1000'), ('DISPLAY', ':0'), ('TERMINATOR_DBUS_PATH', '/net/tenshu/Terminator2'), ('LANG', 'en_US.UTF-8'), ('XDG_CURRENT_DESKTOP', 'ubuntu:GNOME'), ('IBUS_DISABLE_SNOOPER', '1'), ('LC_TELEPHONE', 'es_CO.UTF-8'), ('XMODIFIERS', '@im=ibus'), ('XDG_SESSION_DESKTOP', 'ubuntu'), ('XAUTHORITY', '/run/user/1000/.mutter-Xwaylandauth.U7JN01'), ('LS_COLORS', 'rs=0:di=01;34:ln=01;36:mh=00:pi=40;33:so=01;35:do=01;35:bd=40;33;01:cd=40;33;01:or=40;31;01:mi=00:su=37;41:sg=30;43:ca=30;41:tw=30;42:ow=34;42:st=37;44:ex=01;32:*.tar=01;31:*.tgz=01;31:*.arc=01;31:*.arj=01;31:*.taz=01;31:*.lha=01;31:*.lz4=01;31:*.lzh=01;31:*.lzma=01;31:*.tlz=01;31:*.txz=01;31:*.tzo=01;31:*.t7z=01;31:*.zip=01;31:*.z=01;31:*.dz=01;31:*.gz=01;31:*.lrz=01;31:*.lz=01;31:*.lzo=01;31:*.xz=01;31:*.zst=01;31:*.tzst=01;31:*.bz2=01;31:*.bz=01;31:*.tbz=01;31:*.tbz2=01;31:*.tz=01;31:*.deb=01;31:*.rpm=01;31:*.jar=01;31:*.war=01;31:*.ear=01;31:*.sar=01;31:*.rar=01;31:*.alz=01;31:*.ace=01;31:*.zoo=01;31:*.cpio=01;31:*.7z=01;31:*.rz=01;31:*.cab=01;31:*.wim=01;31:*.swm=01;31:*.dwm=01;31:*.esd=01;31:*.jpg=01;35:*.jpeg=01;35:*.mjpg=01;35:*.mjpeg=01;35:*.gif=01;35:*.bmp=01;35:*.pbm=01;35:*.pgm=01;35:*.ppm=01;35:*.tga=01;35:*.xbm=01;35:*.xpm=01;35:*.tif=01;35:*.tiff=01;35:*.png=01;35:*.svg=01;35:*.svgz=01;35:*.mng=01;35:*.pcx=01;35:*.mov=01;35:*.mpg=01;35:*.mpeg=01;35:*.m2v=01;35:*.mkv=01;35:*.webm=01;35:*.webp=01;35:*.ogm=01;35:*.mp4=01;35:*.m4v=01;35:*.mp4v=01;35:*.vob=01;35:*.qt=01;35:*.nuv=01;35:*.wmv=01;35:*.asf=01;35:*.rm=01;35:*.rmvb=01;35:*.flc=01;35:*.avi=01;35:*.fli=01;35:*.flv=01;35:*.gl=01;35:*.dl=01;35:*.xcf=01;35:*.xwd=01;35:*.yuv=01;35:*.cgm=01;35:*.emf=01;35:*.ogv=01;35:*.ogx=01;35:*.aac=00;36:*.au=00;36:*.flac=00;36:*.m4a=00;36:*.mid=00;36:*.midi=00;36:*.mka=00;36:*.mp3=00;36:*.mpc=00;36:*.ogg=00;36:*.ra=00;36:*.wav=00;36:*.oga=00;36:*.opus=00;36:*.spx=00;36:*.xspf=00;36:'), ('SSH_AGENT_LAUNCHER', 'gnome-keyring'), ('SSH_AUTH_SOCK', '/run/user/1000/keyring/ssh'), ('AMENT_PREFIX_PATH', '/home/sebastian/Uniandes202310/Robotica/Taller1/taller1_ws/install/turtle_bot_srv_12:/home/sebastian/Uniandes202310/Robotica/Taller1/taller1_ws/install/turtle_bot_12:/opt/ros/humble'), ('SHELL', '/bin/bash'), ('LC_NAME', 'es_CO.UTF-8'), ('TERMINATOR_UUID', 'urn:uuid:5681c193-b772-4808-b977-2f6dba70d1f0'), ('QT_ACCESSIBILITY', '1'), ('GDMSESSION', 'ubuntu'), ('LESSCLOSE', '/usr/bin/lesspipe %s %s'), ('LC_MEASUREMENT', 'es_CO.UTF-8'), ('LC_IDENTIFICATION', 'es_CO.UTF-8'), ('QT_IM_MODULE', 'ibus'), ('PWD', '/home/sebastian/Uniandes202310/Robotica/Taller1/taller1_ws/build/turtle_bot_srv_12'), ('LC_ALL', 'en_US.UTF-8'), ('XDG_CONFIG_DIRS', '/etc/xdg/xdg-ubuntu:/etc/xdg'), ('XDG_DATA_DIRS', '/usr/share/ubuntu:/usr/local/share/:/usr/share/:/var/lib/snapd/desktop'), ('PYTHONPATH', '/home/sebastian/Uniandes202310/Robotica/Taller1/taller1_ws/install/turtle_bot_srv_12/local/lib/python3.10/dist-packages:/home/sebastian/Uniandes202310/Robotica/Taller1/taller1_ws/install/turtle_bot_12/lib/python3.10/site-packages:/opt/ros/humble/lib/python3.10/site-packages:/opt/ros/humble/local/lib/python3.10/dist-packages'), ('LC_NUMERIC', 'es_CO.UTF-8'), ('LC_PAPER', 'es_CO.UTF-8'), ('COLCON', '1'), ('VTE_VERSION', '6800'), ('CMAKE_PREFIX_PATH', '/home/sebastian/Uniandes202310/Robotica/Taller1/taller1_ws/install/turtle_bot_srv_12:/home/sebastian/Uniandes202310/Robotica/Taller1/taller1_ws/install/turtle_bot_12:/opt/ros/humble')]), 'shell': False}
[0.579681] (turtle_bot_srv_12) StdoutLine: {'line': b'[  2%] Built target turtle_bot_srv_12__cpp\n'}
[0.581003] (turtle_bot_srv_12) StdoutLine: {'line': b'[ 12%] Built target turtle_bot_srv_12__rosidl_generator_c\n'}
[0.586766] (turtle_bot_srv_12) StderrLine: {'line': b'gmake[2]: *** [CMakeFiles/turtle_bot_srv_12__rosidl_typesupport_cpp.dir/build.make:143: CMakeFiles/turtle_bot_srv_12__rosidl_typesupport_cpp.dir/depend] Interrupt\n'}
[0.587914] (turtle_bot_srv_12) StderrLine: {'line': b'gmake[1]: *** [CMakeFiles/Makefile2:342: CMakeFiles/turtle_bot_srv_12__rosidl_typesupport_fastrtps_cpp.dir/all] Interrupt\n'}
[0.588044] (turtle_bot_srv_12) StderrLine: {'line': b'gmake[1]: *** [CMakeFiles/Makefile2:394: CMakeFiles/turtle_bot_srv_12__rosidl_typesupport_cpp.dir/all] Interrupt\n'}
[0.588141] (turtle_bot_srv_12) StderrLine: {'line': b'gmake[1]: *** [CMakeFiles/Makefile2:368: CMakeFiles/turtle_bot_srv_12__rosidl_typesupport_introspection_cpp.dir/all] Interrupt\n'}
[0.588238] (turtle_bot_srv_12) StderrLine: {'line': b'gmake[1]: *** [CMakeFiles/Makefile2:238: CMakeFiles/turtle_bot_srv_12__rosidl_typesupport_fastrtps_c.dir/all] Interrupt\n'}
[0.588327] (turtle_bot_srv_12) StderrLine: {'line': b'gmake[1]: *** [CMakeFiles/Makefile2:264: CMakeFiles/turtle_bot_srv_12__rosidl_typesupport_introspection_c.dir/all] Interrupt\n'}
[0.588421] (turtle_bot_srv_12) StderrLine: {'line': b'gmake[1]: *** [CMakeFiles/Makefile2:421: CMakeFiles/ament_cmake_python_copy_turtle_bot_srv_12.dir/all] Interrupt\n'}
[0.588507] (turtle_bot_srv_12) StderrLine: {'line': b'gmake: *** [Makefile:146: all] Interrupt\n'}
[0.589297] (turtle_bot_srv_12) CommandEnded: {'returncode': -2}
[0.602842] (-) TimerEvent: {}
[0.612296] (turtle_bot_12) StderrLine: {'line': b'Traceback (most recent call last):\n  File "/usr/lib/python3/dist-packages/colcon_parallel_executor/executor/parallel.py", line 67, in execute\n    loop.run_until_complete(future)\n  File "/usr/lib/python3.10/asyncio/base_events.py", line 633, in run_until_complete\n    self.run_forever()\n  File "/usr/lib/python3.10/asyncio/base_events.py", line 600, in run_forever\n    self._run_once()\n  File "/usr/lib/python3.10/asyncio/base_events.py", line 1860, in _run_once\n    event_list = self._selector.select(timeout)\n  File "/usr/lib/python3.10/selectors.py", line 469, in select\n    fd_event_list = self._selector.poll(timeout, max_ev)\nKeyboardInterrupt\n\nDuring handling of the above exception, another exception occurred:\n\nTraceback (most recent call last):\n  File "/usr/lib/python3/dist-packages/colcon_core/executor/__init__.py", line 91, in __call__\n    rc = await self.task(*args, **kwargs)\n  File "/usr/lib/python3/dist-packages/colcon_core/task/__init__.py", line 93, in __call__\n    return await task_method(*args, **kwargs)\n  File "/usr/lib/python3/dist-packages/colcon_ros/task/ament_python/build.py", line 105, in build\n    return await extension.build(additional_hooks=additional_hooks)\n  File "/usr/lib/python3/dist-packages/colcon_core/task/python/build.py", line 81, in build\n    available_commands = await self._get_available_commands(\n  File "/usr/lib/python3/dist-packages/colcon_core/task/python/build.py", line 171, in _get_available_commands\n    output = await check_output(\n  File "/usr/lib/python3/dist-packages/colcon_core/subprocess.py", line 128, in check_output\n    assert not rc, f\'Expected {args} to pass: {stderr_data}\'\nAssertionError: Expected [\'/usr/bin/python3\', \'setup.py\', \'--help-commands\'] to pass: Traceback (most recent call last):\n  File "/home/sebastian/Uniandes202310/Robotica/Taller1/taller1_ws/src/turtle_bot_12/setup.py", line 1, in <module>\n    from setuptools import setup\n  File "/usr/lib/python3/dist-packages/setuptools/__init__.py", line 10, in <module>\n    import distutils.core\n  File "/usr/lib/python3.10/distutils/core.py", line 17, in <module>\n    from distutils.cmd import Command\n  File "/usr/lib/python3.10/distutils/cmd.py", line 9, in <module>\n    from distutils import util, dir_util, file_util, archive_util, dep_util\n  File "/usr/lib/python3.10/distutils/archive_util.py", line 11, in <module>\n    import zipfile\n  File "/usr/lib/python3.10/zipfile.py", line 19, in <module>\n    import pathlib\n  File "/usr/lib/python3.10/pathlib.py", line 14, in <module>\n    from urllib.parse import quote_from_bytes as urlquote_from_bytes\n  File "/usr/lib/python3.10/urllib/parse.py", line 642, in <module>\n    _asciire = re.compile(\'([\\x00-\\x7f]+)\')\n  File "/usr/lib/python3.10/re.py", line 251, in compile\n    return _compile(pattern, flags)\n  File "/usr/lib/python3.10/re.py", line 303, in _compile\n    p = sre_compile.compile(pattern, flags)\n  File "/usr/lib/python3.10/sre_compile.py", line 788, in compile\n    p = sre_parse.parse(p, flags)\n  File "/usr/lib/python3.10/sre_parse.py", line 955, in parse\n    p = _parse_sub(source, state, flags & SRE_FLAG_VERBOSE, 0)\n  File "/usr/lib/python3.10/sre_parse.py", line 436, in _parse_sub\n    def _parse_sub(source, state, verbose, nested):\nKeyboardInterrupt\n\n'}
[0.613278] (turtle_bot_12) JobEnded: {'identifier': 'turtle_bot_12', 'rc': 'SIGINT'}
[0.681191] (turtle_bot_srv_12) JobEnded: {'identifier': 'turtle_bot_srv_12', 'rc': 'SIGINT'}
[0.691773] (-) EventReactorShutdown: {}
